<?xml version="1.0" encoding="UTF-8"?>
<testsuite xmlns:xsi="http://www.w3.org/2001/XMLSchema-instance" xsi:noNamespaceSchemaLocation="https://maven.apache.org/surefire/maven-surefire-plugin/xsd/surefire-test-report-3.0.xsd" version="3.0" name="com.app.novaes.NovaesApplicationTests" time="10.922" tests="1" errors="0" skipped="0" failures="0">
  <properties>
[...]
</properties>
  <testcase name="contextLoads" classname="com.app.novaes.NovaesApplicationTests" time="0.518">
    <system-out><![CDATA[14:40:30.594 [main] INFO org.springframework.test.context.support.AnnotationConfigContextLoaderUtils -- Could not detect default configuration classes for test class [com.app.novaes.NovaesApplicationTests]: NovaesApplicationTests does not declare any static, non-private, non-final, nested classes annotated with @Configuration.
14:40:30.798 [main] INFO org.springframework.boot.test.context.SpringBootTestContextBootstrapper -- Found @SpringBootConfiguration com.app.novaes.NovaesApplication for test class com.app.novaes.NovaesApplicationTests
14:40:31.036 [main] INFO org.springframework.boot.devtools.restart.RestartApplicationListener -- Restart disabled due to context in which it is running

  .   ____          _            __ _ _
 /\\ / ___'_ __ _ _(_)_ __  __ _ \ \ \ \
( ( )\___ | '_ | '_| | '_ \/ _` | \ \ \ \
 \\/  ___)| |_)| | | | | || (_| |  ) ) ) )
  '  |____| .__|_| |_|_| |_\__, | / / / /
 =========|_|==============|___/=/_/_/_/
 :: Spring Boot ::                (v3.2.4)

2024-06-14T14:40:31.573-03:00  INFO 16544 --- [novaes] [           main] com.app.novaes.NovaesApplicationTests    : Starting NovaesApplicationTests using Java 22.0.1 with PID 16544 (started by NOVAES in D:\PC13\Desktop\backend\NOVAES_Project_back_end)
2024-06-14T14:40:31.575-03:00  INFO 16544 --- [novaes] [           main] com.app.novaes.NovaesApplicationTests    : No active profile set, falling back to 1 default profile: "default"
2024-06-14T14:40:32.742-03:00  INFO 16544 --- [novaes] [           main] .s.d.r.c.RepositoryConfigurationDelegate : Bootstrapping Spring Data JPA repositories in DEFAULT mode.
2024-06-14T14:40:32.884-03:00  INFO 16544 --- [novaes] [           main] .s.d.r.c.RepositoryConfigurationDelegate : Finished Spring Data repository scanning in 125 ms. Found 9 JPA repository interfaces.
2024-06-14T14:40:33.828-03:00  INFO 16544 --- [novaes] [           main] o.hibernate.jpa.internal.util.LogHelper  : HHH000204: Processing PersistenceUnitInfo [name: default]
2024-06-14T14:40:33.916-03:00  INFO 16544 --- [novaes] [           main] org.hibernate.Version                    : HHH000412: Hibernate ORM core version 6.4.4.Final
2024-06-14T14:40:33.975-03:00  INFO 16544 --- [novaes] [           main] o.h.c.internal.RegionFactoryInitiator    : HHH000026: Second-level cache disabled
2024-06-14T14:40:34.548-03:00  INFO 16544 --- [novaes] [           main] o.s.o.j.p.SpringPersistenceUnitInfo      : No LoadTimeWeaver setup: ignoring JPA class transformer
2024-06-14T14:40:34.600-03:00  INFO 16544 --- [novaes] [           main] com.zaxxer.hikari.HikariDataSource       : HikariPool-1 - Starting...
2024-06-14T14:40:35.168-03:00  INFO 16544 --- [novaes] [           main] com.zaxxer.hikari.pool.HikariPool        : HikariPool-1 - Added connection com.mysql.cj.jdbc.ConnectionImpl@31ab4859
2024-06-14T14:40:35.171-03:00  INFO 16544 --- [novaes] [           main] com.zaxxer.hikari.HikariDataSource       : HikariPool-1 - Start completed.
2024-06-14T14:40:35.245-03:00  WARN 16544 --- [novaes] [           main] org.hibernate.orm.deprecation            : HHH90000025: MySQL8Dialect does not need to be specified explicitly using 'hibernate.dialect' (remove the property setting and it will be selected by default)
2024-06-14T14:40:35.247-03:00  WARN 16544 --- [novaes] [           main] org.hibernate.orm.deprecation            : HHH90000026: MySQL8Dialect has been deprecated; use org.hibernate.dialect.MySQLDialect instead
2024-06-14T14:40:35.576-03:00  WARN 16544 --- [novaes] [           main] o.h.boot.model.internal.EntityBinder     : HHH000457: Joined inheritance hierarchy [com.app.novaes.model.User] defined explicit @DiscriminatorColumn.  Legacy Hibernate behavior was to ignore the @DiscriminatorColumn.  However, as part of issue HHH-6911 we now apply the explicit @DiscriminatorColumn.  If you would prefer the legacy behavior, enable the `hibernate.discriminator.ignore_explicit_for_joined` setting (hibernate.discriminator.ignore_explicit_for_joined=true)
2024-06-14T14:40:37.074-03:00  INFO 16544 --- [novaes] [           main] o.h.e.t.j.p.i.JtaPlatformInitiator       : HHH000489: No JTA platform available (set 'hibernate.transaction.jta.platform' to enable JTA platform integration)
2024-06-14T14:40:37.262-03:00  INFO 16544 --- [novaes] [           main] j.LocalContainerEntityManagerFactoryBean : Initialized JPA EntityManagerFactory for persistence unit 'default'
2024-06-14T14:40:38.104-03:00  INFO 16544 --- [novaes] [           main] o.s.d.j.r.query.QueryEnhancerFactory     : Hibernate is in classpath; If applicable, HQL parser will be used.
2024-06-14T14:40:39.078-03:00  WARN 16544 --- [novaes] [           main] JpaBaseConfiguration$JpaWebConfiguration : spring.jpa.open-in-view is enabled by default. Therefore, database queries may be performed during view rendering. Explicitly configure spring.jpa.open-in-view to disable this warning
2024-06-14T14:40:39.640-03:00  INFO 16544 --- [novaes] [           main] o.s.s.web.DefaultSecurityFilterChain     : Will secure any request with [org.springframework.security.web.session.DisableEncodeUrlFilter@7b031f53, org.springframework.security.web.context.request.async.WebAsyncManagerIntegrationFilter@1b42eb0f, org.springframework.security.web.context.SecurityContextHolderFilter@651e3cc9, org.springframework.security.web.header.HeaderWriterFilter@7c3b8b26, org.springframework.security.web.authentication.logout.LogoutFilter@179367ff, org.springframework.security.web.authentication.UsernamePasswordAuthenticationFilter@4149067d, org.springframework.security.web.savedrequest.RequestCacheAwareFilter@9da20f1, org.springframework.security.web.servletapi.SecurityContextHolderAwareRequestFilter@4a52178, org.springframework.security.web.authentication.rememberme.RememberMeAuthenticationFilter@5a85f41b, org.springframework.security.web.authentication.AnonymousAuthenticationFilter@6e92f150, org.springframework.security.web.access.ExceptionTranslationFilter@4c24063c, org.springframework.security.web.access.intercept.AuthorizationFilter@5035c23c]
2024-06-14T14:40:40.257-03:00  INFO 16544 --- [novaes] [           main] com.app.novaes.NovaesApplicationTests    : Started NovaesApplicationTests in 9.236 seconds (process running for 10.98)
Hibernate: select e1_0.id,e1_1.enabled,e1_1.lastname,e1_1.login,e1_1.name,e1_1.password,e1_1.role,e1_0.is_admin,e1_0.office,e1_0.profile_photo from employee e1_0 join user e1_1 on e1_0.id=e1_1.id where e1_1.login=?
Hibernate: select e1_0.id,e1_1.enabled,e1_1.lastname,e1_1.login,e1_1.name,e1_1.password,e1_1.role,e1_0.is_admin,e1_0.office,e1_0.profile_photo from employee e1_0 join user e1_1 on e1_0.id=e1_1.id where e1_1.login=?
Hibernate: select e1_0.id,e1_1.enabled,e1_1.lastname,e1_1.login,e1_1.name,e1_1.password,e1_1.role,e1_0.is_admin,e1_0.office,e1_0.profile_photo from employee e1_0 join user e1_1 on e1_0.id=e1_1.id where e1_1.login=?
Hibernate: select c1_0.id,c1_1.enabled,c1_1.lastname,c1_1.login,c1_1.name,c1_1.password,c1_1.role,c1_0.entrerprise_name,c1_0.references_directory from client c1_0 join user c1_1 on c1_0.id=c1_1.id where c1_1.login=?
Hibernate: select d1_0.id,d1_0.name,d1_0.parent_directory_id from directory d1_0 where d1_0.name=?
Hibernate: select lup1_0.directory_id,lup1_1.id,lup1_1.tipo_usuario,lup1_1.enabled,lup1_1.lastname,lup1_1.login,lup1_1.name,lup1_1.password,lup1_1.role,lup1_2.entrerprise_name,lup1_2.references_directory,lup1_3.is_admin,lup1_3.office,lup1_3.profile_photo from directory_list_user_permited lup1_0 join (user lup1_1 left join client lup1_2 on lup1_1.id=lup1_2.id left join employee lup1_3 on lup1_1.id=lup1_3.id) on lup1_1.id=lup1_0.list_user_permited_id where lup1_0.directory_id=?
Hibernate: select d1_0.id,d1_0.name,d1_0.parent_directory_id from directory d1_0 where d1_0.name=?
Hibernate: select lup1_0.directory_id,lup1_1.id,lup1_1.tipo_usuario,lup1_1.enabled,lup1_1.lastname,lup1_1.login,lup1_1.name,lup1_1.password,lup1_1.role,lup1_2.entrerprise_name,lup1_2.references_directory,lup1_3.is_admin,lup1_3.office,lup1_3.profile_photo from directory_list_user_permited lup1_0 join (user lup1_1 left join client lup1_2 on lup1_1.id=lup1_2.id left join employee lup1_3 on lup1_1.id=lup1_3.id) on lup1_1.id=lup1_0.list_user_permited_id where lup1_0.directory_id=?
Hibernate: select d1_0.id,d1_0.name,pd1_0.id,pd1_0.name,pd1_0.parent_directory_id,lup1_0.directory_id,lup1_1.id,lup1_1.tipo_usuario,lup1_1.enabled,lup1_1.lastname,lup1_1.login,lup1_1.name,lup1_1.password,lup1_1.role,lup1_2.entrerprise_name,lup1_2.references_directory,lup1_3.is_admin,lup1_3.office,lup1_3.profile_photo from directory d1_0 left join directory pd1_0 on pd1_0.id=d1_0.parent_directory_id left join directory_list_user_permited lup1_0 on pd1_0.id=lup1_0.directory_id left join (user lup1_1 left join client lup1_2 on lup1_1.id=lup1_2.id left join employee lup1_3 on lup1_1.id=lup1_3.id) on lup1_1.id=lup1_0.list_user_permited_id where d1_0.id=?
Hibernate: select lup1_0.directory_id,lup1_1.id,lup1_1.tipo_usuario,lup1_1.enabled,lup1_1.lastname,lup1_1.login,lup1_1.name,lup1_1.password,lup1_1.role,lup1_2.entrerprise_name,lup1_2.references_directory,lup1_3.is_admin,lup1_3.office,lup1_3.profile_photo from directory_list_user_permited lup1_0 join (user lup1_1 left join client lup1_2 on lup1_1.id=lup1_2.id left join employee lup1_3 on lup1_1.id=lup1_3.id) on lup1_1.id=lup1_0.list_user_permited_id where lup1_0.directory_id=?
Hibernate: select d1_0.id,d1_0.name,pd1_0.id,pd1_0.name,pd1_0.parent_directory_id,lup1_0.directory_id,lup1_1.id,lup1_1.tipo_usuario,lup1_1.enabled,lup1_1.lastname,lup1_1.login,lup1_1.name,lup1_1.password,lup1_1.role,lup1_2.entrerprise_name,lup1_2.references_directory,lup1_3.is_admin,lup1_3.office,lup1_3.profile_photo from directory d1_0 left join directory pd1_0 on pd1_0.id=d1_0.parent_directory_id left join directory_list_user_permited lup1_0 on pd1_0.id=lup1_0.directory_id left join (user lup1_1 left join client lup1_2 on lup1_1.id=lup1_2.id left join employee lup1_3 on lup1_1.id=lup1_3.id) on lup1_1.id=lup1_0.list_user_permited_id where d1_0.id=?
Hibernate: select lup1_0.directory_id,lup1_1.id,lup1_1.tipo_usuario,lup1_1.enabled,lup1_1.lastname,lup1_1.login,lup1_1.name,lup1_1.password,lup1_1.role,lup1_2.entrerprise_name,lup1_2.references_directory,lup1_3.is_admin,lup1_3.office,lup1_3.profile_photo from directory_list_user_permited lup1_0 join (user lup1_1 left join client lup1_2 on lup1_1.id=lup1_2.id left join employee lup1_3 on lup1_1.id=lup1_3.id) on lup1_1.id=lup1_0.list_user_permited_id where lup1_0.directory_id=?
Hibernate: select d1_0.id,d1_0.name,pd1_0.id,pd1_0.name,pd1_0.parent_directory_id,lup1_0.directory_id,lup1_1.id,lup1_1.tipo_usuario,lup1_1.enabled,lup1_1.lastname,lup1_1.login,lup1_1.name,lup1_1.password,lup1_1.role,lup1_2.entrerprise_name,lup1_2.references_directory,lup1_3.is_admin,lup1_3.office,lup1_3.profile_photo from directory d1_0 left join directory pd1_0 on pd1_0.id=d1_0.parent_directory_id left join directory_list_user_permited lup1_0 on pd1_0.id=lup1_0.directory_id left join (user lup1_1 left join client lup1_2 on lup1_1.id=lup1_2.id left join employee lup1_3 on lup1_1.id=lup1_3.id) on lup1_1.id=lup1_0.list_user_permited_id where d1_0.id=?
Hibernate: select lup1_0.directory_id,lup1_1.id,lup1_1.tipo_usuario,lup1_1.enabled,lup1_1.lastname,lup1_1.login,lup1_1.name,lup1_1.password,lup1_1.role,lup1_2.entrerprise_name,lup1_2.references_directory,lup1_3.is_admin,lup1_3.office,lup1_3.profile_photo from directory_list_user_permited lup1_0 join (user lup1_1 left join client lup1_2 on lup1_1.id=lup1_2.id left join employee lup1_3 on lup1_1.id=lup1_3.id) on lup1_1.id=lup1_0.list_user_permited_id where lup1_0.directory_id=?
]]></system-out>
    <system-err><![CDATA[WARNING: A Java agent has been loaded dynamically (C:\Users\NOVAES\.m2\repository\net\bytebuddy\byte-buddy-agent\1.14.12\byte-buddy-agent-1.14.12.jar)
WARNING: If a serviceability tool is in use, please run with -XX:+EnableDynamicAgentLoading to hide this warning
WARNING: If a serviceability tool is not in use, please run with -Djdk.instrument.traceUsage for more information
WARNING: Dynamic loading of agents will be disallowed by default in a future release
]]></system-err>
  </testcase>
</testsuite>